


ARM Macro Assembler    Page 1 


    1 00000000         
    2 00000000         
    3 00000000                 AREA             div,CODE,READONLY
    4 00000000                 ENTRY
    5 00000000                 EXPORT           __main
    6 00000000         __main
    7 00000000 F240 70DA       LDR              R0,=2010
    8 00000004 F04F 010A       MOV              R1,#10
    9 00000008 F04F 0200       MOV              R2,#0
   10 0000000C         
   11 0000000C 4288    again   CMP              R0,R1
   12 0000000E D303            BLO              stop
   13 00000010 1A40            SUBS             R0,R0,R1
   14 00000012 F102 0201       ADD              R2,R2,#1
   15 00000016 E7F9            B                again
   16 00000018         
   17 00000018         
   18 00000018 E7FE    stop    B                stop
   19 0000001A 00 00           ALIGN
   20 0000001C                 END
Command Line: --debug --xref --diag_suppress=9931 --cpu=Cortex-M4.fp --apcs=int
erwork --depend=.\objects\main.d -o.\objects\main.o -I.\RTE\_Target_1 -IC:\User
s\suraj\AppData\Local\Arm\Packs\ARM\CMSIS\5.6.0\CMSIS\Core\Include -IC:\Users\s
uraj\AppData\Local\Arm\Packs\Keil\STM32F4xx_DFP\2.14.0\Drivers\CMSIS\Device\ST\
STM32F4xx\Include --predefine="__EVAL SETA 1" --predefine="__MICROLIB SETA 1" -
-predefine="__UVISION_VERSION SETA 528" --predefine="_RTE_ SETA 1" --predefine=
"STM32F446xx SETA 1" --list=.\listings\main.lst main.s



ARM Macro Assembler    Page 1 Alphabetic symbol ordering
Relocatable symbols

__main 00000000

Symbol: __main
   Definitions
      At line 6 in file main.s
   Uses
      At line 5 in file main.s
Comment: __main used once
again 0000000C

Symbol: again
   Definitions
      At line 11 in file main.s
   Uses
      At line 15 in file main.s
Comment: again used once
div 00000000

Symbol: div
   Definitions
      At line 3 in file main.s
   Uses
      None
Comment: div unused
stop 00000018

Symbol: stop
   Definitions
      At line 18 in file main.s
   Uses
      At line 12 in file main.s
      At line 18 in file main.s

4 symbols
340 symbols in table
