


ARM Macro Assembler    Page 1 


    1 00000000         
    2 00000000 00000100 
                       Stack   EQU              0x00000100
    3 00000000         
    4 00000000                 AREA             STACK,NOINIT,READWRITE,ALIGN=3
    5 00000000         
    6 00000000         STACKMEM
                               SPACE            Stack
    7 00000100         
    8 00000100                 AREA             RESET,DATA,READONLY
    9 00000000                 EXPORT           __Vectors
   10 00000000         
   11 00000000         __Vectors
   12 00000000 00000100        DCD              STACKMEM +Stack
   13 00000004 00000000        DCD              Reset_Handler
   14 00000008                 ALIGN
   15 00000008         
   16 00000008                 AREA             simple_project,CODE,READONLY,AL
IGN=2
   17 00000000                 ENTRY
   18 00000000                 EXPORT           Reset_Handler
   19 00000000         
   20 00000000         Reset_Handler
   21 00000000 F241 2334       MOV              R3,#0x1234
   22 00000004 F241 2434       MOV              R4,#0x1234
   23 00000008         
   24 00000008 EB03 0504       ADD              R5,R3,R4
   25 0000000C E7FE    LOOP    B                LOOP
   26 0000000E 00 00           ALIGN
   27 00000010                 END
Command Line: --debug --xref --diag_suppress=9931 --cpu=Cortex-M4.fp --apcs=int
erwork --depend=.\objects\main.d -o.\objects\main.o -I.\RTE\_Target_1 -IC:\User
s\suraj\AppData\Local\Arm\Packs\Keil\STM32F4xx_DFP\2.14.0\Drivers\CMSIS\Device\
ST\STM32F4xx\Include -IC:\Keil_v5\ARM\CMSIS\Include --predefine="__EVAL SETA 1"
 --predefine="__MICROLIB SETA 1" --predefine="__UVISION_VERSION SETA 528" --pre
define="STM32F446xx SETA 1" --list=.\listings\main.lst main.s



ARM Macro Assembler    Page 1 Alphabetic symbol ordering
Relocatable symbols

STACK 00000000

Symbol: STACK
   Definitions
      At line 4 in file main.s
   Uses
      None
Comment: STACK unused
STACKMEM 00000000

Symbol: STACKMEM
   Definitions
      At line 6 in file main.s
   Uses
      At line 12 in file main.s
Comment: STACKMEM used once
2 symbols



ARM Macro Assembler    Page 1 Alphabetic symbol ordering
Relocatable symbols

RESET 00000000

Symbol: RESET
   Definitions
      At line 8 in file main.s
   Uses
      None
Comment: RESET unused
__Vectors 00000000

Symbol: __Vectors
   Definitions
      At line 11 in file main.s
   Uses
      At line 9 in file main.s
Comment: __Vectors used once
2 symbols



ARM Macro Assembler    Page 1 Alphabetic symbol ordering
Relocatable symbols

LOOP 0000000C

Symbol: LOOP
   Definitions
      At line 25 in file main.s
   Uses
      At line 25 in file main.s
Comment: LOOP used once
Reset_Handler 00000000

Symbol: Reset_Handler
   Definitions
      At line 20 in file main.s
   Uses
      At line 13 in file main.s
      At line 18 in file main.s

simple_project 00000000

Symbol: simple_project
   Definitions
      At line 16 in file main.s
   Uses
      None
Comment: simple_project unused
3 symbols



ARM Macro Assembler    Page 1 Alphabetic symbol ordering
Absolute symbols

Stack 00000100

Symbol: Stack
   Definitions
      At line 2 in file main.s
   Uses
      At line 6 in file main.s
      At line 12 in file main.s

1 symbol
343 symbols in table
