


ARM Macro Assembler    Page 1 


    1 00000000         
    2 00000000         
    3 00000000                 AREA             fact,CODE,READONLY
    4 00000000                 ENTRY
    5 00000000                 EXPORT           __main
    6 00000000         
    7 00000000         __main
    8 00000000 F04F 060A       MOV              R6,#10
    9 00000004 F04F 0701       MOV              R7,#1
   10 00000008         
   11 00000008         loop
   12 00000008 2E00            CMP              R6,#0
   13 0000000A BFC2            ITTT             GT
   14 0000000C 4377            MULGT            R7,R6,R7
   15 0000000E 1E76            SUBGT            R6,R6,#1
   16 00000010 E7FA            BGT              loop
   17 00000012 E7FE    stop    B                stop
   18 00000014                 END
Command Line: --debug --xref --diag_suppress=9931 --cpu=Cortex-M4.fp --apcs=int
erwork --depend=.\objects\main.d -o.\objects\main.o -I.\RTE\_Target_1 -IC:\User
s\suraj\AppData\Local\Arm\Packs\ARM\CMSIS\5.6.0\CMSIS\Core\Include -IC:\Users\s
uraj\AppData\Local\Arm\Packs\Keil\STM32F4xx_DFP\2.14.0\Drivers\CMSIS\Device\ST\
STM32F4xx\Include --predefine="__EVAL SETA 1" --predefine="__MICROLIB SETA 1" -
-predefine="__UVISION_VERSION SETA 528" --predefine="_RTE_ SETA 1" --predefine=
"STM32F446xx SETA 1" --list=.\listings\main.lst main.s



ARM Macro Assembler    Page 1 Alphabetic symbol ordering
Relocatable symbols

__main 00000000

Symbol: __main
   Definitions
      At line 7 in file main.s
   Uses
      At line 5 in file main.s
Comment: __main used once
fact 00000000

Symbol: fact
   Definitions
      At line 3 in file main.s
   Uses
      None
Comment: fact unused
loop 00000008

Symbol: loop
   Definitions
      At line 11 in file main.s
   Uses
      At line 16 in file main.s
Comment: loop used once
stop 00000012

Symbol: stop
   Definitions
      At line 17 in file main.s
   Uses
      At line 17 in file main.s
Comment: stop used once
4 symbols
340 symbols in table
