


ARM Macro Assembler    Page 1 


    1 00000000         
    2 00000000         
    3 00000000         
    4 00000000         
    5 00000000                 AREA             |.text |,CODE,READONLY
    6 00000000                 EXPORT           Number
    7 00000000         Number
    8 00000000 F04F 0079       MOV              R0,#121
    9 00000004 4770            BX               LR
   10 00000006 00 00           ALIGN
   11 00000008                 END
Command Line: --debug --xref --diag_suppress=9931 --cpu=Cortex-M4.fp --apcs=int
erwork --depend=.\objects\function.d -o.\objects\function.o -I.\RTE\_Target_1 -
IC:\Users\suraj\AppData\Local\Arm\Packs\ARM\CMSIS\5.6.0\CMSIS\Core\Include -IC:
\Users\suraj\AppData\Local\Arm\Packs\Keil\STM32F4xx_DFP\2.14.0\Drivers\CMSIS\De
vice\ST\STM32F4xx\Include --predefine="__EVAL SETA 1" --predefine="__MICROLIB S
ETA 1" --predefine="__UVISION_VERSION SETA 528" --predefine="_RTE_ SETA 1" --pr
edefine="STM32F446xx SETA 1" --list=.\listings\function.lst function.s



ARM Macro Assembler    Page 1 Alphabetic symbol ordering
Relocatable symbols

.text  00000000

Symbol: .text 
   Definitions
      At line 5 in file function.s
   Uses
      None
Comment: .text  unused
Number 00000000

Symbol: Number
   Definitions
      At line 7 in file function.s
   Uses
      At line 6 in file function.s
Comment: Number used once
2 symbols
338 symbols in table
