


ARM Macro Assembler    Page 1 


    1 00000000         
    2 00000000         
    3 00000000                 AREA             DATA
    4 00000000 00000008 
                       Size    EQU              8
    5 00000000 00 00 00 
              00       Putpt   SPACE            4
    6 00000004 00 00 00 
              00       Getpt   SPACE            4
    7 00000008 00 00 00 
              00 00 00 
              00 00    Fifo    SPACE            Size
    8 00000010         
    9 00000010         
   10 00000010                 EXPORT           Putpt [DATA,SIZE=4]
   11 00000010                 EXPORT           Getpt [DATA,SIZE=4]
   12 00000010                 EXPORT           Fifo [DATA,SIZE=8]
   13 00000010         
   14 00000010         
   15 00000010                 EXPORT           Fifo_init
   16 00000010                 EXPORT           Fifo_put
   17 00000010                 EXPORT           Fifo_get
   18 00000010                 EXPORT           Fifo_size
   19 00000010         
   20 00000010                 AREA             |.text| ,CODE,READONLY
   21 00000000                 ENTRY
   22 00000000         
   23 00000000         Fifo_init
   24 00000000 481C            LDR              R0,=Fifo
   25 00000002 491D            LDR              R1,=Putpt
   26 00000004 6008            STR              R0,[R1]
   27 00000006         
   28 00000006 491D            LDR              R1,=Getpt
   29 00000008 6008            STR              R0,[R1]
   30 0000000A 4770            BX               LR
   31 0000000C         
   32 0000000C         Fifo_put
   33 0000000C         
   34 0000000C 491A            LDR              R1,=Putpt
   35 0000000E 680A            LDR              R2,[R1]
   36 00000010 F102 0301       ADD              R3,R2,#1
   37 00000014 F8DF C068       LDR              R12,=Fifo+Size
   38 00000018 4563            CMP              R3,R12
   39 0000001A D100            BNE              NoWrap
   40 0000001C 4B15            LDR              R3,=Fifo
   41 0000001E         
   42 0000001E         NoWrap
   43 0000001E F8DF C05C       LDR              R12,=Getpt
   44 00000022 F8DC C000       LDR              R12,[R12]
   45 00000026 4563            CMP              R3,R12
   46 00000028 D102            BNE              NotFull     ;not full
   47 0000002A F04F 0000       MOV              R0,#0
   48 0000002E 4770            BX               LR
   49 00000030         
   50 00000030         NotFull
   51 00000030 7010            STRB             R0,[R2]
   52 00000032 600B            STR              R3,[R1]
   53 00000034 F04F 0001       MOV              R0,#1
   54 00000038 4770            BX               LR



ARM Macro Assembler    Page 2 


   55 0000003A         
   56 0000003A         Fifo_get
   57 0000003A B530            PUSH             {R4,R5,LR}
   58 0000003C 490E            LDR              R1,=Putpt
   59 0000003E 6809            LDR              R1,[R1]
   60 00000040 4A0E            LDR              R2,=Getpt
   61 00000042 6813            LDR              R3,[R2]
   62 00000044 4299            CMP              R1,R3
   63 00000046 D102            BNE              NotEmpty
   64 00000048 F04F 0000       MOV              R0,#0
   65 0000004C E008            B                Done
   66 0000004E         
   67 0000004E         NotEmpty
   68 0000004E F993 4000       LDRSB            R4,[R3]
   69 00000052 7004            STRB             R4,[R0]
   70 00000054 F8DF 5004       LDR              R5,Fifo+Size
   71 00000058 42AB            CMP              R3,R5
   72 0000005A D100            BNE              NoWrap2
   73 0000005C 4B05            LDR              R3,=Fifo
   74 0000005E         
   75 0000005E         NoWrap2
   76 0000005E 6013            STR              R3,[R2]
   77 00000060         
   78 00000060         Done
   79 00000060 BD30            POP              {R4,R5,PC}
   80 00000062         
   81 00000062         Fifo_size
   82 00000062 4905            LDR              R1,=Putpt
   83 00000064 6809            LDR              R1,[R1]
   84 00000066 4A05            LDR              R2,=Getpt
   85 00000068 6813            LDR              R3,[R2]
   86 0000006A EBA1 0003       SUB              R0,R1,R3
   87 0000006E F000 0007       AND              R0,#(Size-1)
   88 00000072         
   89 00000072 4770            BX               LR
   90 00000074                 ALIGN
   91 00000074                 END
              00000000 
              00000000 
              00000000 
              00000008 
Command Line: --debug --xref --diag_suppress=9931 --cpu=Cortex-M4.fp --apcs=int
erwork --depend=.\objects\fifo.d -o.\objects\fifo.o -I.\RTE\_Target_1 -IC:\User
s\suraj\AppData\Local\Arm\Packs\ARM\CMSIS\5.6.0\CMSIS\Core\Include -IC:\Users\s
uraj\AppData\Local\Arm\Packs\Keil\STM32F4xx_DFP\2.14.0\Drivers\CMSIS\Device\ST\
STM32F4xx\Include --predefine="__EVAL SETA 1" --predefine="__MICROLIB SETA 1" -
-predefine="__UVISION_VERSION SETA 528" --predefine="_RTE_ SETA 1" --predefine=
"STM32F446xx SETA 1" --list=.\listings\fifo.lst fifo.s



ARM Macro Assembler    Page 1 Alphabetic symbol ordering
Relocatable symbols

DATA 00000000

Symbol: DATA
   Definitions
      At line 3 in file fifo.s
   Uses
      None
Comment: DATA unused
Fifo 00000008

Symbol: Fifo
   Definitions
      At line 7 in file fifo.s
   Uses
      At line 12 in file fifo.s
      At line 24 in file fifo.s
      At line 37 in file fifo.s
      At line 40 in file fifo.s
      At line 70 in file fifo.s
      At line 73 in file fifo.s

Getpt 00000004

Symbol: Getpt
   Definitions
      At line 6 in file fifo.s
   Uses
      At line 11 in file fifo.s
      At line 28 in file fifo.s
      At line 43 in file fifo.s
      At line 60 in file fifo.s
      At line 84 in file fifo.s

Putpt 00000000

Symbol: Putpt
   Definitions
      At line 5 in file fifo.s
   Uses
      At line 10 in file fifo.s
      At line 25 in file fifo.s
      At line 34 in file fifo.s
      At line 58 in file fifo.s
      At line 82 in file fifo.s

4 symbols



ARM Macro Assembler    Page 1 Alphabetic symbol ordering
Relocatable symbols

.text 00000000

Symbol: .text
   Definitions
      At line 20 in file fifo.s
   Uses
      None
Comment: .text unused
Done 00000060

Symbol: Done
   Definitions
      At line 78 in file fifo.s
   Uses
      At line 65 in file fifo.s
Comment: Done used once
Fifo_get 0000003A

Symbol: Fifo_get
   Definitions
      At line 56 in file fifo.s
   Uses
      At line 17 in file fifo.s
Comment: Fifo_get used once
Fifo_init 00000000

Symbol: Fifo_init
   Definitions
      At line 23 in file fifo.s
   Uses
      At line 15 in file fifo.s
Comment: Fifo_init used once
Fifo_put 0000000C

Symbol: Fifo_put
   Definitions
      At line 32 in file fifo.s
   Uses
      At line 16 in file fifo.s
Comment: Fifo_put used once
Fifo_size 00000062

Symbol: Fifo_size
   Definitions
      At line 81 in file fifo.s
   Uses
      At line 18 in file fifo.s
Comment: Fifo_size used once
NoWrap 0000001E

Symbol: NoWrap
   Definitions
      At line 42 in file fifo.s
   Uses
      At line 39 in file fifo.s
Comment: NoWrap used once
NoWrap2 0000005E

Symbol: NoWrap2



ARM Macro Assembler    Page 2 Alphabetic symbol ordering
Relocatable symbols

   Definitions
      At line 75 in file fifo.s
   Uses
      At line 72 in file fifo.s
Comment: NoWrap2 used once
NotEmpty 0000004E

Symbol: NotEmpty
   Definitions
      At line 67 in file fifo.s
   Uses
      At line 63 in file fifo.s
Comment: NotEmpty used once
NotFull 00000030

Symbol: NotFull
   Definitions
      At line 50 in file fifo.s
   Uses
      At line 46 in file fifo.s
Comment: NotFull used once
10 symbols



ARM Macro Assembler    Page 1 Alphabetic symbol ordering
Absolute symbols

Size 00000008

Symbol: Size
   Definitions
      At line 4 in file fifo.s
   Uses
      At line 7 in file fifo.s
      At line 37 in file fifo.s
      At line 70 in file fifo.s
      At line 87 in file fifo.s

1 symbol
353 symbols in table
