


ARM Macro Assembler    Page 1 


    1 00000000         
    2 00000000         
    3 00000000         
    4 00000000                 IMPORT           Fifo_init
    5 00000000                 IMPORT           Fifo_put
    6 00000000                 IMPORT           Fifo_get
    7 00000000                 IMPORT           Fifo_size
    8 00000000         
    9 00000000                 AREA             DATA
   10 00000000 00 00 00 
              00 00 00 
              00 00    n       SPACE            8
   11 00000008                 EXPORT           n
   12 00000008         
   13 00000008                 AREA             Mycode,CODE,READONLY
   14 00000000                 EXPORT           __main
   15 00000000         
   16 00000000         __main
   17 00000000 F7FF FFFE       BL               Fifo_init
   18 00000004         
   19 00000004 F04F 000A       MOV              R0,#10
   20 00000008 F7FF FFFE       BL               Fifo_put
   21 0000000C F04F 0014       MOV              R0,#20
   22 00000010 F7FF FFFE       BL               Fifo_put
   23 00000014 F04F 001E       MOV              R0,#30
   24 00000018 F7FF FFFE       BL               Fifo_put
   25 0000001C F04F 0028       MOV              R0,#40
   26 00000020 F7FF FFFE       BL               Fifo_put
   27 00000024 F04F 0032       MOV              R0,#50
   28 00000028 F7FF FFFE       BL               Fifo_put
   29 0000002C F04F 003C       MOV              R0,#60
   30 00000030 F7FF FFFE       BL               Fifo_put
   31 00000034 F04F 0046       MOV              R0,#70
   32 00000038 F7FF FFFE       BL               Fifo_put
   33 0000003C F04F 0050       MOV              R0,#80
   34 00000040 F7FF FFFE       BL               Fifo_put
   35 00000044         
   36 00000044         
   37 00000044 E7FE    Stop    B                Stop
   38 00000046                 END
Command Line: --debug --xref --diag_suppress=9931 --cpu=Cortex-M4.fp --apcs=int
erwork --depend=.\objects\main.d -o.\objects\main.o -I.\RTE\_Target_1 -IC:\User
s\suraj\AppData\Local\Arm\Packs\ARM\CMSIS\5.6.0\CMSIS\Core\Include -IC:\Users\s
uraj\AppData\Local\Arm\Packs\Keil\STM32F4xx_DFP\2.14.0\Drivers\CMSIS\Device\ST\
STM32F4xx\Include --predefine="__EVAL SETA 1" --predefine="__MICROLIB SETA 1" -
-predefine="__UVISION_VERSION SETA 528" --predefine="_RTE_ SETA 1" --predefine=
"STM32F446xx SETA 1" --list=.\listings\main.lst main.s



ARM Macro Assembler    Page 1 Alphabetic symbol ordering
Relocatable symbols

DATA 00000000

Symbol: DATA
   Definitions
      At line 9 in file main.s
   Uses
      None
Comment: DATA unused
n 00000000

Symbol: n
   Definitions
      At line 10 in file main.s
   Uses
      At line 11 in file main.s
Comment: n used once
2 symbols



ARM Macro Assembler    Page 1 Alphabetic symbol ordering
Relocatable symbols

Mycode 00000000

Symbol: Mycode
   Definitions
      At line 13 in file main.s
   Uses
      None
Comment: Mycode unused
Stop 00000044

Symbol: Stop
   Definitions
      At line 37 in file main.s
   Uses
      At line 37 in file main.s
Comment: Stop used once
__main 00000000

Symbol: __main
   Definitions
      At line 16 in file main.s
   Uses
      At line 14 in file main.s
Comment: __main used once
3 symbols



ARM Macro Assembler    Page 1 Alphabetic symbol ordering
External symbols

Fifo_get 00000000

Symbol: Fifo_get
   Definitions
      At line 6 in file main.s
   Uses
      None
Comment: Fifo_get unused
Fifo_init 00000000

Symbol: Fifo_init
   Definitions
      At line 4 in file main.s
   Uses
      At line 17 in file main.s
Comment: Fifo_init used once
Fifo_put 00000000

Symbol: Fifo_put
   Definitions
      At line 5 in file main.s
   Uses
      At line 20 in file main.s
      At line 22 in file main.s
      At line 24 in file main.s
      At line 26 in file main.s
      At line 28 in file main.s
      At line 30 in file main.s
      At line 32 in file main.s
      At line 34 in file main.s

Fifo_size 00000000

Symbol: Fifo_size
   Definitions
      At line 7 in file main.s
   Uses
      None
Comment: Fifo_size unused
4 symbols
345 symbols in table
