


ARM Macro Assembler    Page 1 


    1 00000000         
    2 00000000         ;USART2  PA2=TX,PA1=RX
    3 00000000                 AREA             mydata,DATA,READONLY
    4 00000000 68 65 6C 
              6C 6F 20 
              73 75 72 
              61 6A 0A 
              0D       print   DCB              'h','e','l','l','o',' ','s','u'
,'r','a','j','\n','\r'
    5 0000000D         
    6 0000000D         
    7 0000000D         
    8 0000000D 40023800 
                       RCC_BASE
                               EQU              0x40023800
    9 0000000D 40020000 
                       GPIOA_BASE
                               EQU              0x40020000
   10 0000000D 40004400 
                       USART2_BASE
                               EQU              0x40004400
   11 0000000D         
   12 0000000D 00000030 
                       RCC_AHB1EN_OFFSET
                               EQU              0x30
   13 0000000D 00000040 
                       RCC_APB1EN_OFFSET
                               EQU              0x40
   14 0000000D         
   15 0000000D         
   16 0000000D 00000001 
                       GPIOA_Port
                               EQU              (1<<0)      ;
   17 0000000D 00020000 
                       USART_Port
                               EQU              (1<<17)
   18 0000000D 00000080 
                       TXE_Bit EQU              (1<<7)
   19 0000000D         
   20 0000000D 40004404 
                       USART2_DR
                               EQU              0x40004404
   21 0000000D 40004400 
                       USART2_SR
                               EQU              USART2_BASE
   22 0000000D         
   23 0000000D         
   24 0000000D         
   25 0000000D                 AREA             usart_conf,CODE,READONLY
   26 00000000                 ENTRY
   27 00000000                 EXPORT           __main
   28 00000000         
   29 00000000         
   30 00000000         __main
   31 00000000 F000 F821       BL               Gpio_Init
   32 00000004 F000 F83A       BL               Uart_Init
   33 00000008 F8DF 80A0       LDR              R8,=USART2_DR
   34 0000000C         
   35 0000000C         



ARM Macro Assembler    Page 2 


   36 0000000C         
   37 0000000C         
   38 0000000C 4D28    loop    LDR              R5,=print
   39 0000000E F04F 000D       MOV              R0,#13
   40 00000012         
   41 00000012 782C    Send    LDRB             R4,[R5]
   42 00000014         
   43 00000014 4927            LDR              R1,=USART2_SR
   44 00000016 680A    Again   LDR              R2,[R1]
   45 00000018 F092 0F80       TEQ              R2,#TXE_Bit ;check R2 is same a
                                                            s TXE_Bit if equal 
                                                            go next otherwise w
                                                            ait until same
   46 0000001C D0FB            BEQ              Again
   47 0000001E         
   48 0000001E F240 2A2B       LDR              R10,=555
   49 00000022 F000 F80C       BL               Delay
   50 00000026         
   51 00000026 F888 4000       STRB             R4,[R8]
   52 0000002A F105 0501       ADD              R5,R5,#1
   53 0000002E 1E40            SUBS             R0,R0,#1
   54 00000030 D1EF            BNE              Send
   55 00000032         
   56 00000032 F240 2A2B       LDR              R10,=555
   57 00000036 F000 F802       BL               Delay
   58 0000003A         
   59 0000003A E7E7            B                loop
   60 0000003C         
   61 0000003C         
   62 0000003C         
   63 0000003C         
   64 0000003C         
   65 0000003C E7FE    stop    B                stop
   66 0000003E         
   67 0000003E         Delay
   68 0000003E         
   69 0000003E F1BA 0A01 
                       L1      SUBS             R10,R10,#1
   70 00000042 D1FC            BNE              L1
   71 00000044 4770            BX               LR
   72 00000046         
   73 00000046         Gpio_Init
   74 00000046 491C            LDR              R1,    =RCC_BASE
   75 00000048 F101 0130       ADD              R1,R1,#RCC_AHB1EN_OFFSET ;RCC_B
                                                            ASE+RCC_AHB1EN_OFFS
                                                            ET ;0x40023830
   76 0000004C 680A            LDR              R2,[R1]
   77 0000004E F042 0201       ORR              R2,R2,#GPIOA_Port
   78 00000052         
   79 00000052 600A            STR              R2,[R1]     ;ENABLE CLOCK for G
                                                            POIA port
   80 00000054         
   81 00000054         ;configure GPIOA pin 2 as USART2 TX
   82 00000054 4919            LDR              R1,    =GPIOA_BASE
   83 00000056 680A            LDR              R2,[R1]
   84 00000058 F042 0220       ORR              R2,R2,#(0x2<<4)
   85 0000005C         
   86 0000005C 600A            STR              R2,[R1]     ;gpioa pin 2 set al
                                                            ternate function mo



ARM Macro Assembler    Page 3 


                                                            de
   87 0000005E         
   88 0000005E 4917            LDR              R1,    =GPIOA_BASE
   89 00000060 F101 010C       ADD              R1,R1,#0x0C
   90 00000064 680A            LDR              R2,[R1]
   91 00000066 F042 0210       ORR              R2,R2,#(0x1<<4)
   92 0000006A         
   93 0000006A 600A            STR              R2,[R1]     ;gpioa pin 2 set Pu
                                                            ll up
   94 0000006C         
   95 0000006C 4913            LDR              R1,    =GPIOA_BASE
   96 0000006E F101 0120       ADD              R1,R1,#0x20
   97 00000072 680A            LDR              R2,[R1]
   98 00000074 F442 62E0       ORR              R2,R2,#(0x7<<8)
   99 00000078         
  100 00000078 600A            STR              R2,[R1]     ;gpioa pin 2 altern
                                                            ate function low re
                                                            gister
  101 0000007A         
  102 0000007A 4770            BX               LR
  103 0000007C         
  104 0000007C         Uart_Init
  105 0000007C         
  106 0000007C 490E            LDR              R1,    =RCC_BASE
  107 0000007E F101 0140       ADD              R1,R1,#RCC_APB1EN_OFFSET ;RCC_B
                                                            ASE+RCC_AHB1EN_OFFS
                                                            ET ;0x40023830
  108 00000082 680A            LDR              R2,[R1]
  109 00000084 F442 3200       ORR              R2,R2,#USART_Port
  110 00000088         
  111 00000088 600A            STR              R2,[R1]     ;ENABLE CLOCK for U
                                                            SART2 port
  112 0000008A         
  113 0000008A         ;configure GPIOA pin 2 as USART2 TX
  114 0000008A 490A            LDR              R1,    =USART2_BASE
  115 0000008C F101 0108       ADD              R1,R1,#0x08 ;baud rate offset
  116 00000090 F04F 028B       MOV              R2,#0x8B    ;configure baud rat
                                                            e 
  117 00000094         
  118 00000094 600A            STR              R2,[R1]     ;set boud rate at 1
                                                            15200
  119 00000096         
  120 00000096 4907            LDR              R1,    =USART2_BASE
  121 00000098 F101 010C       ADD              R1,R1,#0x0C ;CR1 register offse
                                                            t
  122 0000009C 680A            LDR              R2,[R1]
  123 0000009E F042 0208       ORR              R2,R2,#(0x1<<3) 
                                                            ;Enable USART2 TX
  124 000000A2 F442 5200       ORR              R2,R2,#(0x1<<13) 
                                                            ;Enable USART2 TX
  125 000000A6         
  126 000000A6 600A            STR              R2,[R1]     ;Enable usart for t
                                                            ransmitting mode 
  127 000000A8         
  128 000000A8 4770            BX               LR
  129 000000AA         
  130 000000AA         
  131 000000AA 00 00           ALIGN
  132 000000AC                 END



ARM Macro Assembler    Page 4 


              40004404 
              00000000 
              40004400 
              40023800 
              40020000 
Command Line: --debug --xref --diag_suppress=9931 --cpu=Cortex-M4.fp --apcs=int
erwork --depend=.\objects\main.d -o.\objects\main.o -I.\RTE\_Target_1 -IC:\User
s\suraj\AppData\Local\Arm\Packs\ARM\CMSIS\5.6.0\CMSIS\Core\Include -IC:\Users\s
uraj\AppData\Local\Arm\Packs\Keil\STM32F4xx_DFP\2.14.0\Drivers\CMSIS\Device\ST\
STM32F4xx\Include --predefine="__EVAL SETA 1" --predefine="__MICROLIB SETA 1" -
-predefine="__UVISION_VERSION SETA 528" --predefine="_RTE_ SETA 1" --predefine=
"STM32F446xx SETA 1" --list=.\listings\main.lst main.s



ARM Macro Assembler    Page 1 Alphabetic symbol ordering
Relocatable symbols

mydata 00000000

Symbol: mydata
   Definitions
      At line 3 in file main.s
   Uses
      None
Comment: mydata unused
print 00000000

Symbol: print
   Definitions
      At line 4 in file main.s
   Uses
      At line 38 in file main.s
Comment: print used once
2 symbols



ARM Macro Assembler    Page 1 Alphabetic symbol ordering
Relocatable symbols

Again 00000016

Symbol: Again
   Definitions
      At line 44 in file main.s
   Uses
      At line 46 in file main.s
Comment: Again used once
Delay 0000003E

Symbol: Delay
   Definitions
      At line 67 in file main.s
   Uses
      At line 49 in file main.s
      At line 57 in file main.s

Gpio_Init 00000046

Symbol: Gpio_Init
   Definitions
      At line 73 in file main.s
   Uses
      At line 31 in file main.s
Comment: Gpio_Init used once
L1 0000003E

Symbol: L1
   Definitions
      At line 69 in file main.s
   Uses
      At line 70 in file main.s
Comment: L1 used once
Send 00000012

Symbol: Send
   Definitions
      At line 41 in file main.s
   Uses
      At line 54 in file main.s
Comment: Send used once
Uart_Init 0000007C

Symbol: Uart_Init
   Definitions
      At line 104 in file main.s
   Uses
      At line 32 in file main.s
Comment: Uart_Init used once
__main 00000000

Symbol: __main
   Definitions
      At line 30 in file main.s
   Uses
      At line 27 in file main.s
Comment: __main used once
loop 0000000C




ARM Macro Assembler    Page 2 Alphabetic symbol ordering
Relocatable symbols

Symbol: loop
   Definitions
      At line 38 in file main.s
   Uses
      At line 59 in file main.s
Comment: loop used once
stop 0000003C

Symbol: stop
   Definitions
      At line 65 in file main.s
   Uses
      At line 65 in file main.s
Comment: stop used once
usart_conf 00000000

Symbol: usart_conf
   Definitions
      At line 25 in file main.s
   Uses
      None
Comment: usart_conf unused
10 symbols



ARM Macro Assembler    Page 1 Alphabetic symbol ordering
Absolute symbols

GPIOA_BASE 40020000

Symbol: GPIOA_BASE
   Definitions
      At line 9 in file main.s
   Uses
      At line 82 in file main.s
      At line 88 in file main.s
      At line 95 in file main.s

GPIOA_Port 00000001

Symbol: GPIOA_Port
   Definitions
      At line 16 in file main.s
   Uses
      At line 77 in file main.s
Comment: GPIOA_Port used once
RCC_AHB1EN_OFFSET 00000030

Symbol: RCC_AHB1EN_OFFSET
   Definitions
      At line 12 in file main.s
   Uses
      At line 75 in file main.s
Comment: RCC_AHB1EN_OFFSET used once
RCC_APB1EN_OFFSET 00000040

Symbol: RCC_APB1EN_OFFSET
   Definitions
      At line 13 in file main.s
   Uses
      At line 107 in file main.s
Comment: RCC_APB1EN_OFFSET used once
RCC_BASE 40023800

Symbol: RCC_BASE
   Definitions
      At line 8 in file main.s
   Uses
      At line 74 in file main.s
      At line 106 in file main.s

TXE_Bit 00000080

Symbol: TXE_Bit
   Definitions
      At line 18 in file main.s
   Uses
      At line 45 in file main.s
Comment: TXE_Bit used once
USART2_BASE 40004400

Symbol: USART2_BASE
   Definitions
      At line 10 in file main.s
   Uses
      At line 21 in file main.s
      At line 114 in file main.s



ARM Macro Assembler    Page 2 Alphabetic symbol ordering
Absolute symbols

      At line 120 in file main.s

USART2_DR 40004404

Symbol: USART2_DR
   Definitions
      At line 20 in file main.s
   Uses
      At line 33 in file main.s
Comment: USART2_DR used once
USART2_SR 40004400

Symbol: USART2_SR
   Definitions
      At line 21 in file main.s
   Uses
      At line 43 in file main.s
Comment: USART2_SR used once
USART_Port 00020000

Symbol: USART_Port
   Definitions
      At line 17 in file main.s
   Uses
      At line 109 in file main.s
Comment: USART_Port used once
10 symbols
360 symbols in table
