


ARM Macro Assembler    Page 1 


    1 00000000         
    2 00000000         
    3 00000000         
    4 00000000                 AREA             myCode,CODE,READONLY
    5 00000000                 ENTRY
    6 00000000                 EXPORT           __main
    7 00000000         
    8 00000000         __main
    9 00000000 4A03            LDR              R2,=0xBABAFACE
   10 00000002 4B04            LDR              R3,=0xDEADFACE
   11 00000004 B404            PUSH             {R2}
   12 00000006 B408            PUSH             {R3}
   13 00000008 BC20            pop              {R5}
   14 0000000A BC40            POP              {R6}
   15 0000000C         
   16 0000000C E7FE    Stop    B                Stop
   17 0000000E 00 00           ALIGN
   18 00000010                 END
              BABAFACE 
              DEADFACE 
Command Line: --debug --xref --diag_suppress=9931 --cpu=Cortex-M4.fp --apcs=int
erwork --depend=.\objects\main.d -o.\objects\main.o -I.\RTE\_Target_1 -IC:\User
s\suraj\AppData\Local\Arm\Packs\ARM\CMSIS\5.6.0\CMSIS\Core\Include -IC:\Users\s
uraj\AppData\Local\Arm\Packs\Keil\STM32F4xx_DFP\2.14.0\Drivers\CMSIS\Device\ST\
STM32F4xx\Include --predefine="__EVAL SETA 1" --predefine="__MICROLIB SETA 1" -
-predefine="__UVISION_VERSION SETA 528" --predefine="_RTE_ SETA 1" --predefine=
"STM32F446xx SETA 1" --list=.\listings\main.lst main.s



ARM Macro Assembler    Page 1 Alphabetic symbol ordering
Relocatable symbols

Stop 0000000C

Symbol: Stop
   Definitions
      At line 16 in file main.s
   Uses
      At line 16 in file main.s
Comment: Stop used once
__main 00000000

Symbol: __main
   Definitions
      At line 8 in file main.s
   Uses
      At line 6 in file main.s
Comment: __main used once
myCode 00000000

Symbol: myCode
   Definitions
      At line 4 in file main.s
   Uses
      None
Comment: myCode unused
3 symbols
341 symbols in table
