


ARM Macro Assembler    Page 1 


    1 00000000         
    2 00000000         
    3 00000000         
    4 00000000                 AREA             MyDATA,DATA,READONLY
    5 00000000         
    6 00000000 00 00 00 
              00       P       SPACE            4           ;Reserve 4 bytes of
                                                             memory
    7 00000004 00000002 
                       Q       DCD              2           ;create variable q 
                                                            with intial value 0
                                                            x00000002
    8 00000008 0000000A 
                       R       DCD              10
    9 0000000C 0000000C 
                       S       DCD              12
   10 00000010         
   11 00000010                 AREA             myCode,CODE,READONLY
   12 00000000                 ENTRY
   13 00000000                 EXPORT           __main
   14 00000000         
   15 00000000         __main
   16 00000000 F04F 0102       LDR              R1,=0x2
   17 00000004 F85F 2004       LDR              R2,R
   18 00000008 F85F 3004       LDR              R3,S
   19 0000000C         
   20 0000000C EB01 0002       ADD              R0,R1,R2
   21 00000010 4418            ADD              R0,R0,R3
   22 00000012         
   23 00000012 E7FE    Stop    B                Stop
   24 00000014                 END
Command Line: --debug --xref --diag_suppress=9931 --cpu=Cortex-M4.fp --apcs=int
erwork --depend=.\objects\main.d -o.\objects\main.o -I.\RTE\_Target_1 -IC:\User
s\suraj\AppData\Local\Arm\Packs\ARM\CMSIS\5.6.0\CMSIS\Core\Include -IC:\Users\s
uraj\AppData\Local\Arm\Packs\Keil\STM32F4xx_DFP\2.14.0\Drivers\CMSIS\Device\ST\
STM32F4xx\Include --predefine="__EVAL SETA 1" --predefine="__MICROLIB SETA 1" -
-predefine="__UVISION_VERSION SETA 528" --predefine="_RTE_ SETA 1" --predefine=
"STM32F446xx SETA 1" --list=.\listings\main.lst main.s



ARM Macro Assembler    Page 1 Alphabetic symbol ordering
Relocatable symbols

MyDATA 00000000

Symbol: MyDATA
   Definitions
      At line 4 in file main.s
   Uses
      None
Comment: MyDATA unused
P 00000000

Symbol: P
   Definitions
      At line 6 in file main.s
   Uses
      None
Comment: P unused
Q 00000004

Symbol: Q
   Definitions
      At line 7 in file main.s
   Uses
      None
Comment: Q unused
R 00000008

Symbol: R
   Definitions
      At line 8 in file main.s
   Uses
      At line 17 in file main.s
Comment: R used once
S 0000000C

Symbol: S
   Definitions
      At line 9 in file main.s
   Uses
      At line 18 in file main.s
Comment: S used once
5 symbols



ARM Macro Assembler    Page 1 Alphabetic symbol ordering
Relocatable symbols

Stop 00000012

Symbol: Stop
   Definitions
      At line 23 in file main.s
   Uses
      At line 23 in file main.s
Comment: Stop used once
__main 00000000

Symbol: __main
   Definitions
      At line 15 in file main.s
   Uses
      At line 13 in file main.s
Comment: __main used once
myCode 00000000

Symbol: myCode
   Definitions
      At line 11 in file main.s
   Uses
      None
Comment: myCode unused
3 symbols
344 symbols in table
