


ARM Macro Assembler    Page 1 


    1 00000000         
    2 00000000        0 
                       COUNT   RN               R0
    3 00000000        1 
                       MAX     RN               R1
    4 00000000        3 
                       POINTER RN               R3
    5 00000000        4 
                       NEXT    RN               R4
    6 00000000         
    7 00000000                 AREA             myData,DATA,READONLY
    8 00000000 00000069 
              00000060 
              00000085 
              00000095 
              00000044 MYDATA  DCD              0x69,0x60,0x85,0x95,0x44
    9 00000014         
   10 00000014                 AREA             myCode,CODE,READONLY
   11 00000000                 ENTRY
   12 00000000                 EXPORT           __main
   13 00000000         
   14 00000000         __main
   15 00000000 F04F 0005       MOV              COUNT,#5
   16 00000004 F04F 0100       MOV              MAX,#0
   17 00000008 4B04            LDR              POINTER,=MYDATA
   18 0000000A         
   19 0000000A 681C    AGAIN   LDR              NEXT,[POINTER]
   20 0000000C 428C            CMP              NEXT,MAX
   21 0000000E D200            BHS              CTNU
   22 00000010 4621            MOV              MAX,NEXT
   23 00000012         
   24 00000012 F103 0304 
                       CTNU    ADD              POINTER,POINTER,#4
   25 00000016 1E40            SUBS             COUNT,COUNT,#1
   26 00000018 D1F7            BNE              AGAIN
   27 0000001A         
   28 0000001A E7FE    stop    B                stop
   29 0000001C                 END
              00000000 
Command Line: --debug --xref --diag_suppress=9931 --cpu=Cortex-M4.fp --apcs=int
erwork --depend=.\objects\main.d -o.\objects\main.o -I.\RTE\_Target_1 -IC:\User
s\suraj\AppData\Local\Arm\Packs\ARM\CMSIS\5.6.0\CMSIS\Core\Include -IC:\Users\s
uraj\AppData\Local\Arm\Packs\Keil\STM32F4xx_DFP\2.14.0\Drivers\CMSIS\Device\ST\
STM32F4xx\Include --predefine="__EVAL SETA 1" --predefine="__MICROLIB SETA 1" -
-predefine="__UVISION_VERSION SETA 528" --predefine="_RTE_ SETA 1" --predefine=
"STM32F446xx SETA 1" --list=.\listings\main.lst main.s



ARM Macro Assembler    Page 1 Alphabetic symbol ordering
Relocatable symbols

MYDATA 00000000

Symbol: MYDATA
   Definitions
      At line 8 in file main.s
   Uses
      At line 17 in file main.s
Comment: MYDATA used once
myData 00000000

Symbol: myData
   Definitions
      At line 7 in file main.s
   Uses
      None
Comment: myData unused
2 symbols



ARM Macro Assembler    Page 1 Alphabetic symbol ordering
Relocatable symbols

AGAIN 0000000A

Symbol: AGAIN
   Definitions
      At line 19 in file main.s
   Uses
      At line 26 in file main.s
Comment: AGAIN used once
CTNU 00000012

Symbol: CTNU
   Definitions
      At line 24 in file main.s
   Uses
      At line 21 in file main.s
Comment: CTNU used once
__main 00000000

Symbol: __main
   Definitions
      At line 14 in file main.s
   Uses
      At line 12 in file main.s
Comment: __main used once
myCode 00000000

Symbol: myCode
   Definitions
      At line 10 in file main.s
   Uses
      None
Comment: myCode unused
stop 0000001A

Symbol: stop
   Definitions
      At line 28 in file main.s
   Uses
      At line 28 in file main.s
Comment: stop used once
5 symbols
349 symbols in table
