


ARM Macro Assembler    Page 1 


    1 00000000         
    2 00000000 40023800 
                       RCC_BASE
                               EQU              0x40023800
    3 00000000 40023830 
                       RCC_AHB1ENR
                               EQU              0x40023830  ;RCC_BASE+0x30
    4 00000000 40020000 
                       GPIOA_BASE
                               EQU              0x40020000
    5 00000000 40020000 
                       GPIOA_MODE
                               EQU              GPIOA_BASE
    6 00000000 40020014 
                       GPIOA_ODR
                               EQU              0x40020014  ;GPIOA_BASE+14
    7 00000000         
    8 00000000         
    9 00000000 00000001 
                       GPIOAEN EQU              1<<0
   10 00000000         
   11 00000000 00000400 
                       MODER5_OUT
                               EQU              1<<10
   12 00000000         
   13 00000000 00000020 
                       LEDON   EQU              1<<5
   14 00000000 00000000 
                       LED0FF  EQU              0<<5
   15 00000000         
   16 00000000 0000000F 
                       DELAY   EQU              0x000F
   17 00000000         
   18 00000000 0028B0B4 
                       ONESEC  EQU              2666676
   19 00000000 000411AB 
                       HSEC    EQU              266667
   20 00000000 0001A0AB 
                       FSEC    EQU              106667
   21 00000000         
   22 00000000                 AREA             |.text|,CODE,READONLY,ALIGN=2
   23 00000000                 THUMB
   24 00000000                 EXPORT           __main
   25 00000000         
   26 00000000         __main
   27 00000000 F000 F800       BL               GPIOA_Init
   28 00000004         
   29 00000004         
   30 00000004         GPIOA_Init
   31 00000004 480E            LDR              R0,=RCC_AHB1ENR ;R0 point to ph
                                                            eripheral clock
   32 00000006 6801            LDR              R1,[R0]     ;Load content of R0
                                                             to R1
   33 00000008 F041 0101       ORR              R1,#GPIOAEN ;
   34 0000000C 6001            STR              R1,[R0]
   35 0000000E         
   36 0000000E         
   37 0000000E 480D            LDR              R0,=GPIOA_MODE ;R0 point to phe
                                                            ripheral clock



ARM Macro Assembler    Page 2 


   38 00000010 6801            LDR              R1,[R0]     ;Load content of R0
                                                             to R1
   39 00000012 F441 6180       ORR              R1,#MODER5_OUT ;
   40 00000016 6001            STR              R1,[R0]
   41 00000018         
   42 00000018 F04F 0100       MOV              R1,#0
   43 0000001C 4A0A            LDR              R2,=GPIOA_ODR
   44 0000001E         
   45 0000001E         
   46 0000001E         Blink
   47 0000001E F240 0120       MOVW             R1,#LEDON
   48 00000022 6011            STR              R1,[R2]
   49 00000024 4B09            LDR              R3,=ONESEC
   50 00000026 F000 F807       BL               Delay
   51 0000002A         
   52 0000002A         
   53 0000002A F240 0100       MOVW             R1,#LED0FF
   54 0000002E 6011            STR              R1,[R2]
   55 00000030 4B06            LDR              R3,=ONESEC
   56 00000032 F000 F801       BL               Delay
   57 00000036         
   58 00000036 E7F2            B                Blink
   59 00000038         
   60 00000038         Delay
   61 00000038 1E5B            SUBS             R3,R3,#1
   62 0000003A D1FD            BNE              Delay
   63 0000003C 4770            BX               LR
   64 0000003E         
   65 0000003E         
   66 0000003E 00 00           ALIGN
   67 00000040                 END
              40023830 
              40020000 
              40020014 
              0028B0B4 
Command Line: --debug --xref --diag_suppress=9931 --cpu=Cortex-M4.fp --apcs=int
erwork --depend=.\objects\blinky.d -o.\objects\blinky.o -I.\RTE\_Target_1 -IC:\
Users\suraj\AppData\Local\Arm\Packs\ARM\CMSIS\5.6.0\CMSIS\Core\Include -IC:\Use
rs\suraj\AppData\Local\Arm\Packs\Keil\STM32F4xx_DFP\2.14.0\Drivers\CMSIS\Device
\ST\STM32F4xx\Include --predefine="__EVAL SETA 1" --predefine="__MICROLIB SETA 
1" --predefine="__UVISION_VERSION SETA 528" --predefine="_RTE_ SETA 1" --predef
ine="STM32F446xx SETA 1" --list=.\listings\blinky.lst blinky.s



ARM Macro Assembler    Page 1 Alphabetic symbol ordering
Relocatable symbols

.text 00000000

Symbol: .text
   Definitions
      At line 22 in file blinky.s
   Uses
      None
Comment: .text unused
Blink 0000001E

Symbol: Blink
   Definitions
      At line 46 in file blinky.s
   Uses
      At line 58 in file blinky.s
Comment: Blink used once
Delay 00000038

Symbol: Delay
   Definitions
      At line 60 in file blinky.s
   Uses
      At line 50 in file blinky.s
      At line 56 in file blinky.s
      At line 62 in file blinky.s

GPIOA_Init 00000004

Symbol: GPIOA_Init
   Definitions
      At line 30 in file blinky.s
   Uses
      At line 27 in file blinky.s
Comment: GPIOA_Init used once
__main 00000000

Symbol: __main
   Definitions
      At line 26 in file blinky.s
   Uses
      At line 24 in file blinky.s
Comment: __main used once
5 symbols



ARM Macro Assembler    Page 1 Alphabetic symbol ordering
Absolute symbols

DELAY 0000000F

Symbol: DELAY
   Definitions
      At line 16 in file blinky.s
   Uses
      None
Comment: DELAY unused
FSEC 0001A0AB

Symbol: FSEC
   Definitions
      At line 20 in file blinky.s
   Uses
      None
Comment: FSEC unused
GPIOAEN 00000001

Symbol: GPIOAEN
   Definitions
      At line 9 in file blinky.s
   Uses
      At line 33 in file blinky.s
Comment: GPIOAEN used once
GPIOA_BASE 40020000

Symbol: GPIOA_BASE
   Definitions
      At line 4 in file blinky.s
   Uses
      At line 5 in file blinky.s
Comment: GPIOA_BASE used once
GPIOA_MODE 40020000

Symbol: GPIOA_MODE
   Definitions
      At line 5 in file blinky.s
   Uses
      At line 37 in file blinky.s
Comment: GPIOA_MODE used once
GPIOA_ODR 40020014

Symbol: GPIOA_ODR
   Definitions
      At line 6 in file blinky.s
   Uses
      At line 43 in file blinky.s
Comment: GPIOA_ODR used once
HSEC 000411AB

Symbol: HSEC
   Definitions
      At line 19 in file blinky.s
   Uses
      None
Comment: HSEC unused
LED0FF 00000000

Symbol: LED0FF



ARM Macro Assembler    Page 2 Alphabetic symbol ordering
Absolute symbols

   Definitions
      At line 14 in file blinky.s
   Uses
      At line 53 in file blinky.s
Comment: LED0FF used once
LEDON 00000020

Symbol: LEDON
   Definitions
      At line 13 in file blinky.s
   Uses
      At line 47 in file blinky.s
Comment: LEDON used once
MODER5_OUT 00000400

Symbol: MODER5_OUT
   Definitions
      At line 11 in file blinky.s
   Uses
      At line 39 in file blinky.s
Comment: MODER5_OUT used once
ONESEC 0028B0B4

Symbol: ONESEC
   Definitions
      At line 18 in file blinky.s
   Uses
      At line 49 in file blinky.s
      At line 55 in file blinky.s

RCC_AHB1ENR 40023830

Symbol: RCC_AHB1ENR
   Definitions
      At line 3 in file blinky.s
   Uses
      At line 31 in file blinky.s
Comment: RCC_AHB1ENR used once
RCC_BASE 40023800

Symbol: RCC_BASE
   Definitions
      At line 2 in file blinky.s
   Uses
      None
Comment: RCC_BASE unused
13 symbols
356 symbols in table
